<?xml version="1.0" encoding="UTF-8"?>
<testng-results skipped="0" failed="0" ignored="0" total="1" passed="1">
  <reporter-output>
  </reporter-output>
  <suite name="Jenkin" duration-ms="31" started-at="2017-02-15T13:42:11Z" finished-at="2017-02-15T13:42:11Z">
    <groups>
    </groups>
    <test name="JenkinProject" duration-ms="31" started-at="2017-02-15T13:42:11Z" finished-at="2017-02-15T13:42:11Z">
      <class name="com.qa.example.testpkg2.Base">
        <test-method status="PASS" signature="m1()[pri:0, instance:com.qa.example.testpkg2.Base@3c756e4d]" name="m1" duration-ms="11" started-at="2017-02-15T19:12:11Z" finished-at="2017-02-15T19:12:11Z">
          <reporter-output>
          </reporter-output>
        </test-method> <!-- m1 -->
      </class> <!-- com.qa.example.testpkg2.Base -->
    </test> <!-- JenkinProject -->
  </suite> <!-- Jenkin -->
</testng-results>
